running egg_info
creating ../../build/web_comunication/web_comunication.egg-info
writing ../../build/web_comunication/web_comunication.egg-info/PKG-INFO
writing dependency_links to ../../build/web_comunication/web_comunication.egg-info/dependency_links.txt
writing entry points to ../../build/web_comunication/web_comunication.egg-info/entry_points.txt
writing requirements to ../../build/web_comunication/web_comunication.egg-info/requires.txt
writing top-level names to ../../build/web_comunication/web_comunication.egg-info/top_level.txt
writing manifest file '../../build/web_comunication/web_comunication.egg-info/SOURCES.txt'
reading manifest file '../../build/web_comunication/web_comunication.egg-info/SOURCES.txt'
writing manifest file '../../build/web_comunication/web_comunication.egg-info/SOURCES.txt'
running build
running build_py
creating /home/workspace/build/web_comunication/build
creating /home/workspace/build/web_comunication/build/lib
creating /home/workspace/build/web_comunication/build/lib/web_comunication
copying web_comunication/talker.py -> /home/workspace/build/web_comunication/build/lib/web_comunication
copying web_comunication/listener.py -> /home/workspace/build/web_comunication/build/lib/web_comunication
copying web_comunication/__init__.py -> /home/workspace/build/web_comunication/build/lib/web_comunication
running install
running install_lib
creating /home/workspace/install/web_comunication/lib/python3.10/site-packages/web_comunication
copying /home/workspace/build/web_comunication/build/lib/web_comunication/talker.py -> /home/workspace/install/web_comunication/lib/python3.10/site-packages/web_comunication
copying /home/workspace/build/web_comunication/build/lib/web_comunication/listener.py -> /home/workspace/install/web_comunication/lib/python3.10/site-packages/web_comunication
copying /home/workspace/build/web_comunication/build/lib/web_comunication/__init__.py -> /home/workspace/install/web_comunication/lib/python3.10/site-packages/web_comunication
byte-compiling /home/workspace/install/web_comunication/lib/python3.10/site-packages/web_comunication/talker.py to talker.cpython-310.pyc
byte-compiling /home/workspace/install/web_comunication/lib/python3.10/site-packages/web_comunication/listener.py to listener.cpython-310.pyc
byte-compiling /home/workspace/install/web_comunication/lib/python3.10/site-packages/web_comunication/__init__.py to __init__.cpython-310.pyc
running install_data
creating /home/workspace/install/web_comunication/share/ament_index
creating /home/workspace/install/web_comunication/share/ament_index/resource_index
creating /home/workspace/install/web_comunication/share/ament_index/resource_index/packages
copying resource/web_comunication -> /home/workspace/install/web_comunication/share/ament_index/resource_index/packages
copying package.xml -> /home/workspace/install/web_comunication/share/web_comunication
running install_egg_info
Copying ../../build/web_comunication/web_comunication.egg-info to /home/workspace/install/web_comunication/lib/python3.10/site-packages/web_comunication-0.0.0-py3.10.egg-info
running install_scripts
Installing listener script to /home/workspace/install/web_comunication/lib/web_comunication
Installing talker script to /home/workspace/install/web_comunication/lib/web_comunication
writing list of installed files to '/home/workspace/build/web_comunication/install.log'
