[0.564s] Invoking command in '/home/workspace/src/web_comunication': PYTHONPATH=/home/workspace/build/web_comunication/prefix_override:/home/workspace/install/web_comunication/lib/python3.10/site-packages:${PYTHONPATH} /usr/bin/python3 setup.py egg_info --egg-base ../../build/web_comunication build --build-base /home/workspace/build/web_comunication/build install --record /home/workspace/build/web_comunication/install.log --single-version-externally-managed
[0.750s] running egg_info
[0.751s] creating ../../build/web_comunication/web_comunication.egg-info
[0.751s] writing ../../build/web_comunication/web_comunication.egg-info/PKG-INFO
[0.751s] writing dependency_links to ../../build/web_comunication/web_comunication.egg-info/dependency_links.txt
[0.751s] writing entry points to ../../build/web_comunication/web_comunication.egg-info/entry_points.txt
[0.751s] writing requirements to ../../build/web_comunication/web_comunication.egg-info/requires.txt
[0.751s] writing top-level names to ../../build/web_comunication/web_comunication.egg-info/top_level.txt
[0.751s] writing manifest file '../../build/web_comunication/web_comunication.egg-info/SOURCES.txt'
[0.753s] reading manifest file '../../build/web_comunication/web_comunication.egg-info/SOURCES.txt'
[0.754s] writing manifest file '../../build/web_comunication/web_comunication.egg-info/SOURCES.txt'
[0.754s] running build
[0.754s] running build_py
[0.754s] creating /home/workspace/build/web_comunication/build
[0.754s] creating /home/workspace/build/web_comunication/build/lib
[0.754s] creating /home/workspace/build/web_comunication/build/lib/web_comunication
[0.754s] copying web_comunication/talker.py -> /home/workspace/build/web_comunication/build/lib/web_comunication
[0.754s] copying web_comunication/listener.py -> /home/workspace/build/web_comunication/build/lib/web_comunication
[0.754s] copying web_comunication/__init__.py -> /home/workspace/build/web_comunication/build/lib/web_comunication
[0.754s] running install
[0.754s] running install_lib
[0.755s] creating /home/workspace/install/web_comunication/lib/python3.10/site-packages/web_comunication
[0.755s] copying /home/workspace/build/web_comunication/build/lib/web_comunication/talker.py -> /home/workspace/install/web_comunication/lib/python3.10/site-packages/web_comunication
[0.755s] copying /home/workspace/build/web_comunication/build/lib/web_comunication/listener.py -> /home/workspace/install/web_comunication/lib/python3.10/site-packages/web_comunication
[0.755s] copying /home/workspace/build/web_comunication/build/lib/web_comunication/__init__.py -> /home/workspace/install/web_comunication/lib/python3.10/site-packages/web_comunication
[0.755s] byte-compiling /home/workspace/install/web_comunication/lib/python3.10/site-packages/web_comunication/talker.py to talker.cpython-310.pyc
[0.756s] byte-compiling /home/workspace/install/web_comunication/lib/python3.10/site-packages/web_comunication/listener.py to listener.cpython-310.pyc
[0.756s] byte-compiling /home/workspace/install/web_comunication/lib/python3.10/site-packages/web_comunication/__init__.py to __init__.cpython-310.pyc
[0.756s] running install_data
[0.756s] creating /home/workspace/install/web_comunication/share/ament_index
[0.756s] creating /home/workspace/install/web_comunication/share/ament_index/resource_index
[0.757s] creating /home/workspace/install/web_comunication/share/ament_index/resource_index/packages
[0.757s] copying resource/web_comunication -> /home/workspace/install/web_comunication/share/ament_index/resource_index/packages
[0.757s] copying package.xml -> /home/workspace/install/web_comunication/share/web_comunication
[0.757s] running install_egg_info
[0.758s] Copying ../../build/web_comunication/web_comunication.egg-info to /home/workspace/install/web_comunication/lib/python3.10/site-packages/web_comunication-0.0.0-py3.10.egg-info
[0.758s] running install_scripts
[0.773s] Installing listener script to /home/workspace/install/web_comunication/lib/web_comunication
[0.773s] Installing talker script to /home/workspace/install/web_comunication/lib/web_comunication
[0.774s] writing list of installed files to '/home/workspace/build/web_comunication/install.log'
[0.791s] Invoked command in '/home/workspace/src/web_comunication' returned '0': PYTHONPATH=/home/workspace/build/web_comunication/prefix_override:/home/workspace/install/web_comunication/lib/python3.10/site-packages:${PYTHONPATH} /usr/bin/python3 setup.py egg_info --egg-base ../../build/web_comunication build --build-base /home/workspace/build/web_comunication/build install --record /home/workspace/build/web_comunication/install.log --single-version-externally-managed
